21:36:02.463 [main] INFO  Utillity.HelperFunction - Scenario called 
21:36:02.471 [main] INFO  Utillity.HelperFunction - ###############################################################
21:36:02.473 [main] INFO  Utillity.HelperFunction - Test case Name:Successful Login with valid credentials
21:36:02.473 [main] INFO  Utillity.HelperFunction - ###############################################################
21:36:02.475 [main] DEBUG Utillity.HelperFunction - Test case Tag:TC01
21:36:02.517 [main] DEBUG Utillity.BrowserControl - Driver initiated 
21:36:08.574 [main] DEBUG Utillity.BrowserControl - Edge Browser lanuched Successfully
21:36:08.612 [main] DEBUG Utillity.BrowserControl - URLhttps://ncpuatnew.olamagri.com/
21:36:21.768 [main] INFO  Utillity.BrowserControl - edge Driver lanched
21:36:30.848 [main] INFO  BusinessLogic.Businessfunction - Hi Arjun Rathinasamy Welcome into Procon LandingPage
21:36:32.707 [main] INFO  Utillity.HelperFunction - Scenario called 
21:36:32.708 [main] INFO  Utillity.HelperFunction - ###############################################################
21:36:32.710 [main] INFO  Utillity.HelperFunction - Test case Name:Unsuccessful Login with invalid credentials
21:36:32.713 [main] INFO  Utillity.HelperFunction - ###############################################################
21:36:32.713 [main] DEBUG Utillity.HelperFunction - Test case Tag:TC02
21:36:32.715 [main] DEBUG Utillity.BrowserControl - Driver initiated 
21:36:34.599 [main] DEBUG Utillity.BrowserControl - Edge Browser lanuched Successfully
21:36:34.630 [main] DEBUG Utillity.BrowserControl - URLhttps://ncpuatnew.olamagri.com/
21:36:41.249 [main] INFO  Utillity.BrowserControl - edge Driver lanched
21:36:48.959 [main] INFO  Utillity.HelperFunction - Scenario called 
21:36:48.959 [main] INFO  Utillity.HelperFunction - ###############################################################
21:36:48.959 [main] INFO  Utillity.HelperFunction - Test case Name:Attempt to login with empty fields
21:36:48.961 [main] INFO  Utillity.HelperFunction - ###############################################################
21:36:48.961 [main] DEBUG Utillity.HelperFunction - Test case Tag:TC03
21:36:48.963 [main] DEBUG Utillity.BrowserControl - Driver initiated 
21:36:50.576 [main] DEBUG Utillity.BrowserControl - Edge Browser lanuched Successfully
21:36:50.596 [main] DEBUG Utillity.BrowserControl - URLhttps://ncpuatnew.olamagri.com/
21:36:58.040 [main] INFO  Utillity.BrowserControl - edge Driver lanched
21:37:02.201 [main] INFO  Utillity.HelperFunction - Scenario called 
21:37:02.201 [main] INFO  Utillity.HelperFunction - ###############################################################
21:37:02.203 [main] INFO  Utillity.HelperFunction - Test case Name:User successfully submits the form with valid inputs
21:37:02.207 [main] INFO  Utillity.HelperFunction - ###############################################################
21:37:02.207 [main] DEBUG Utillity.HelperFunction - Test case Tag:RFQ_TC01
21:37:02.212 [main] DEBUG Utillity.BrowserControl - Driver initiated 
21:37:04.021 [main] DEBUG Utillity.BrowserControl - Edge Browser lanuched Successfully
21:37:04.046 [main] DEBUG Utillity.BrowserControl - URLhttps://ncpuatnew.olamagri.com/
21:37:40.882 [main] INFO  Utillity.HelperFunction - Scenario called 
21:37:40.893 [main] INFO  Utillity.HelperFunction - ###############################################################
21:37:40.898 [main] INFO  Utillity.HelperFunction - Test case Name:Successful Login with valid credentials
21:37:40.898 [main] INFO  Utillity.HelperFunction - ###############################################################
21:37:40.900 [main] DEBUG Utillity.HelperFunction - Test case Tag:TC01
21:37:40.946 [main] DEBUG Utillity.BrowserControl - Driver initiated 
21:37:44.835 [main] DEBUG Utillity.BrowserControl - Edge Browser lanuched Successfully
21:37:44.863 [main] DEBUG Utillity.BrowserControl - URLhttps://ncpuatnew.olamagri.com/
21:37:51.462 [main] INFO  Utillity.BrowserControl - edge Driver lanched
21:38:00.175 [main] INFO  BusinessLogic.Businessfunction - Hi Arjun Rathinasamy Welcome into Procon LandingPage
21:38:01.589 [main] INFO  Utillity.HelperFunction - Scenario called 
21:38:01.589 [main] INFO  Utillity.HelperFunction - ###############################################################
21:38:01.589 [main] INFO  Utillity.HelperFunction - Test case Name:Unsuccessful Login with invalid credentials
21:38:01.589 [main] INFO  Utillity.HelperFunction - ###############################################################
21:38:01.593 [main] DEBUG Utillity.HelperFunction - Test case Tag:TC02
21:38:01.595 [main] DEBUG Utillity.BrowserControl - Driver initiated 
21:38:04.644 [main] DEBUG Utillity.BrowserControl - Edge Browser lanuched Successfully
21:38:04.688 [main] DEBUG Utillity.BrowserControl - URLhttps://ncpuatnew.olamagri.com/
21:38:12.468 [main] INFO  Utillity.BrowserControl - edge Driver lanched
21:38:18.232 [main] INFO  Utillity.HelperFunction - Scenario called 
21:38:18.234 [main] INFO  Utillity.HelperFunction - ###############################################################
21:38:18.235 [main] INFO  Utillity.HelperFunction - Test case Name:Attempt to login with empty fields
21:38:18.235 [main] INFO  Utillity.HelperFunction - ###############################################################
21:38:18.236 [main] DEBUG Utillity.HelperFunction - Test case Tag:TC03
21:38:18.239 [main] DEBUG Utillity.BrowserControl - Driver initiated 
21:38:21.464 [main] DEBUG Utillity.BrowserControl - Edge Browser lanuched Successfully
21:38:21.492 [main] DEBUG Utillity.BrowserControl - URLhttps://ncpuatnew.olamagri.com/
21:38:30.393 [main] INFO  Utillity.BrowserControl - edge Driver lanched
21:38:34.717 [main] INFO  Utillity.HelperFunction - Scenario called 
21:38:34.717 [main] INFO  Utillity.HelperFunction - ###############################################################
21:38:34.717 [main] INFO  Utillity.HelperFunction - Test case Name:User successfully submits the form with valid inputs
21:38:34.717 [main] INFO  Utillity.HelperFunction - ###############################################################
21:38:34.723 [main] DEBUG Utillity.HelperFunction - Test case Tag:RFQ_TC01
21:38:34.723 [main] DEBUG Utillity.BrowserControl - Driver initiated 
21:38:37.994 [main] DEBUG Utillity.BrowserControl - Edge Browser lanuched Successfully
21:38:38.022 [main] DEBUG Utillity.BrowserControl - URLhttps://ncpuatnew.olamagri.com/
21:38:46.294 [main] INFO  Utillity.BrowserControl - edge Driver lanched
21:38:53.433 [main] INFO  BusinessLogic.Businessfunction - Hi Arjun Rathinasamy Welcome into Procon LandingPage
21:39:07.995 [main] INFO  Utillity.HelperFunction - Scenario called 
21:39:07.995 [main] INFO  Utillity.HelperFunction - ###############################################################
21:39:07.995 [main] INFO  Utillity.HelperFunction - Test case Name:User successfully submits the form with valid inputs
21:39:07.995 [main] INFO  Utillity.HelperFunction - ###############################################################
21:39:07.995 [main] DEBUG Utillity.HelperFunction - Test case Tag:RFQ_TC01
21:39:08.003 [main] DEBUG Utillity.BrowserControl - Driver initiated 
21:39:11.124 [main] DEBUG Utillity.BrowserControl - Edge Browser lanuched Successfully
21:39:11.144 [main] DEBUG Utillity.BrowserControl - URLhttps://ncpuatnew.olamagri.com/
21:39:18.009 [main] INFO  Utillity.BrowserControl - edge Driver lanched
21:39:26.490 [main] INFO  BusinessLogic.Businessfunction - Hi Arjun Rathinasamy Welcome into Procon LandingPage
21:39:40.582 [main] INFO  Utillity.HelperFunction - Scenario called 
21:39:40.584 [main] INFO  Utillity.HelperFunction - ###############################################################
21:39:40.584 [main] INFO  Utillity.HelperFunction - Test case Name:User successfully submits the form with valid inputs
21:39:40.584 [main] INFO  Utillity.HelperFunction - ###############################################################
21:39:40.585 [main] DEBUG Utillity.HelperFunction - Test case Tag:RFQ_TC01
21:39:40.585 [main] DEBUG Utillity.BrowserControl - Driver initiated 
21:52:14.940 [main] INFO  Utillity.HelperFunction - Scenario called 
21:52:14.940 [main] INFO  Utillity.HelperFunction - ###############################################################
21:52:14.951 [main] INFO  Utillity.HelperFunction - Test case Name:Successful Login with valid credentials
21:52:14.951 [main] INFO  Utillity.HelperFunction - ###############################################################
21:52:14.952 [main] DEBUG Utillity.HelperFunction - Test case Tag:TC01
21:52:15.016 [main] DEBUG Utillity.BrowserControl - Driver initiated 
21:52:18.980 [main] DEBUG Utillity.BrowserControl - Edge Browser lanuched Successfully
21:52:19.005 [main] DEBUG Utillity.BrowserControl - URLhttps://ncpuatnew.olamagri.com/
21:52:28.766 [main] INFO  Utillity.BrowserControl - edge Driver lanched
21:52:35.600 [main] INFO  BusinessLogic.Businessfunction - Hi Arjun Rathinasamy, Welcome into Procon LandingPage
21:52:36.932 [main] INFO  Utillity.HelperFunction - Scenario called 
21:52:36.932 [main] INFO  Utillity.HelperFunction - ###############################################################
21:52:36.949 [main] INFO  Utillity.HelperFunction - Test case Name:Unsuccessful Login with invalid credentials
21:52:36.949 [main] INFO  Utillity.HelperFunction - ###############################################################
21:52:36.949 [main] DEBUG Utillity.HelperFunction - Test case Tag:TC02
21:52:36.949 [main] DEBUG Utillity.BrowserControl - Driver initiated 
21:52:39.922 [main] DEBUG Utillity.BrowserControl - Edge Browser lanuched Successfully
21:52:39.948 [main] DEBUG Utillity.BrowserControl - URLhttps://ncpuatnew.olamagri.com/
21:52:46.109 [main] INFO  Utillity.BrowserControl - edge Driver lanched
21:52:51.083 [main] INFO  Utillity.HelperFunction - Scenario called 
21:52:51.094 [main] INFO  Utillity.HelperFunction - ###############################################################
21:52:51.094 [main] INFO  Utillity.HelperFunction - Test case Name:Attempt to login with empty fields
21:52:51.094 [main] INFO  Utillity.HelperFunction - ###############################################################
21:52:51.094 [main] DEBUG Utillity.HelperFunction - Test case Tag:TC03
21:52:51.096 [main] DEBUG Utillity.BrowserControl - Driver initiated 
21:52:54.252 [main] DEBUG Utillity.BrowserControl - Edge Browser lanuched Successfully
21:52:54.296 [main] DEBUG Utillity.BrowserControl - URLhttps://ncpuatnew.olamagri.com/
21:53:04.202 [main] INFO  Utillity.BrowserControl - edge Driver lanched
21:53:09.053 [main] INFO  Utillity.HelperFunction - Scenario called 
21:53:09.053 [main] INFO  Utillity.HelperFunction - ###############################################################
21:53:09.053 [main] INFO  Utillity.HelperFunction - Test case Name:User successfully submits the form with valid inputs
21:53:09.053 [main] INFO  Utillity.HelperFunction - ###############################################################
21:53:09.053 [main] DEBUG Utillity.HelperFunction - Test case Tag:RFQ_TC01
21:53:09.059 [main] DEBUG Utillity.BrowserControl - Driver initiated 
21:53:12.007 [main] DEBUG Utillity.BrowserControl - Edge Browser lanuched Successfully
21:53:12.024 [main] DEBUG Utillity.BrowserControl - URLhttps://ncpuatnew.olamagri.com/
21:53:20.373 [main] INFO  Utillity.BrowserControl - edge Driver lanched
21:53:28.926 [main] INFO  BusinessLogic.Businessfunction - Hi Arjun Rathinasamy, Welcome into Procon LandingPage
21:53:41.882 [main] INFO  Utillity.HelperFunction - Scenario called 
21:53:41.882 [main] INFO  Utillity.HelperFunction - ###############################################################
21:53:41.882 [main] INFO  Utillity.HelperFunction - Test case Name:User successfully submits the form with valid inputs
21:53:41.882 [main] INFO  Utillity.HelperFunction - ###############################################################
21:53:41.884 [main] DEBUG Utillity.HelperFunction - Test case Tag:RFQ_TC01
21:53:41.927 [main] DEBUG Utillity.BrowserControl - Driver initiated 
21:55:37.690 [main] INFO  Utillity.HelperFunction - Scenario called 
21:55:37.695 [main] INFO  Utillity.HelperFunction - ###############################################################
21:55:37.695 [main] INFO  Utillity.HelperFunction - Test case Name:Successful Login with valid credentials
21:55:37.699 [main] INFO  Utillity.HelperFunction - ###############################################################
21:55:37.702 [main] DEBUG Utillity.HelperFunction - Test case Tag:TC01
21:55:37.738 [main] DEBUG Utillity.BrowserControl - Driver initiated 
21:55:41.169 [main] DEBUG Utillity.BrowserControl - Edge Browser lanuched Successfully
21:55:41.192 [main] DEBUG Utillity.BrowserControl - URLhttps://ncpuatnew.olamagri.com/
21:56:03.370 [main] INFO  Utillity.HelperFunction - Scenario called 
21:56:03.377 [main] INFO  Utillity.HelperFunction - ###############################################################
21:56:03.377 [main] INFO  Utillity.HelperFunction - Test case Name:Successful Login with valid credentials
21:56:03.377 [main] INFO  Utillity.HelperFunction - ###############################################################
21:56:03.386 [main] DEBUG Utillity.HelperFunction - Test case Tag:TC01
21:56:03.443 [main] DEBUG Utillity.BrowserControl - Driver initiated 
21:56:06.913 [main] DEBUG Utillity.BrowserControl - Edge Browser lanuched Successfully
21:56:06.933 [main] DEBUG Utillity.BrowserControl - URLhttps://ncpuatnew.olamagri.com/
21:56:16.762 [main] INFO  Utillity.BrowserControl - edge Driver lanched
21:56:24.972 [main] INFO  BusinessLogic.Businessfunction - Hi Arjun Rathinasamy, Welcome into Procon LandingPage
21:56:26.320 [main] INFO  Utillity.HelperFunction - Scenario called 
21:56:26.320 [main] INFO  Utillity.HelperFunction - ###############################################################
21:56:26.320 [main] INFO  Utillity.HelperFunction - Test case Name:Unsuccessful Login with invalid credentials
21:56:26.320 [main] INFO  Utillity.HelperFunction - ###############################################################
21:56:26.322 [main] DEBUG Utillity.HelperFunction - Test case Tag:TC02
21:56:26.324 [main] DEBUG Utillity.BrowserControl - Driver initiated 
21:56:29.203 [main] DEBUG Utillity.BrowserControl - Edge Browser lanuched Successfully
21:56:29.228 [main] DEBUG Utillity.BrowserControl - URLhttps://ncpuatnew.olamagri.com/
21:56:39.278 [main] INFO  Utillity.BrowserControl - edge Driver lanched
21:56:44.201 [main] INFO  Utillity.HelperFunction - Scenario called 
21:56:44.201 [main] INFO  Utillity.HelperFunction - ###############################################################
21:56:44.201 [main] INFO  Utillity.HelperFunction - Test case Name:Attempt to login with empty fields
21:56:44.201 [main] INFO  Utillity.HelperFunction - ###############################################################
21:56:44.201 [main] DEBUG Utillity.HelperFunction - Test case Tag:TC03
21:56:44.201 [main] DEBUG Utillity.BrowserControl - Driver initiated 
21:56:47.078 [main] DEBUG Utillity.BrowserControl - Edge Browser lanuched Successfully
21:56:47.097 [main] DEBUG Utillity.BrowserControl - URLhttps://ncpuatnew.olamagri.com/
21:56:59.137 [main] INFO  Utillity.BrowserControl - edge Driver lanched
21:57:02.909 [main] INFO  Utillity.HelperFunction - Scenario called 
21:57:02.911 [main] INFO  Utillity.HelperFunction - ###############################################################
21:57:02.911 [main] INFO  Utillity.HelperFunction - Test case Name:User successfully submits the form with valid inputs
21:57:02.911 [main] INFO  Utillity.HelperFunction - ###############################################################
21:57:02.913 [main] DEBUG Utillity.HelperFunction - Test case Tag:RFQ_TC01
21:57:02.915 [main] DEBUG Utillity.BrowserControl - Driver initiated 
21:57:05.808 [main] DEBUG Utillity.BrowserControl - Edge Browser lanuched Successfully
21:57:05.823 [main] DEBUG Utillity.BrowserControl - URLhttps://ncpuatnew.olamagri.com/
21:57:13.310 [main] INFO  Utillity.BrowserControl - edge Driver lanched
21:57:20.136 [main] INFO  BusinessLogic.Businessfunction - Hi Arjun Rathinasamy, Welcome into Procon LandingPage
21:57:33.515 [main] INFO  Utillity.ReportGen - ###############################################################
21:57:33.515 [main] DEBUG Utillity.ReportGen - Report Generation called
21:58:15.787 [main] INFO  Utillity.HelperFunction - Scenario called 
21:58:15.790 [main] INFO  Utillity.HelperFunction - ###############################################################
21:58:15.796 [main] INFO  Utillity.HelperFunction - Test case Name:Successful Login with valid credentials
21:58:15.796 [main] INFO  Utillity.HelperFunction - ###############################################################
21:58:15.799 [main] DEBUG Utillity.HelperFunction - Test case Tag:TC01
21:58:15.859 [main] DEBUG Utillity.BrowserControl - Driver initiated 
21:58:19.370 [main] DEBUG Utillity.BrowserControl - Edge Browser lanuched Successfully
21:58:19.391 [main] DEBUG Utillity.BrowserControl - URLhttps://ncpuatnew.olamagri.com/
21:58:31.631 [main] INFO  Utillity.BrowserControl - edge Driver lanched
21:58:41.849 [main] INFO  BusinessLogic.Businessfunction - Hi Arjun Rathinasamy, Welcome into Procon LandingPage
21:58:43.332 [main] INFO  Utillity.HelperFunction - Scenario called 
21:58:43.332 [main] INFO  Utillity.HelperFunction - ###############################################################
21:58:43.332 [main] INFO  Utillity.HelperFunction - Test case Name:Unsuccessful Login with invalid credentials
21:58:43.332 [main] INFO  Utillity.HelperFunction - ###############################################################
21:58:43.335 [main] DEBUG Utillity.HelperFunction - Test case Tag:TC02
21:58:43.337 [main] DEBUG Utillity.BrowserControl - Driver initiated 
21:58:46.518 [main] DEBUG Utillity.BrowserControl - Edge Browser lanuched Successfully
21:58:46.550 [main] DEBUG Utillity.BrowserControl - URLhttps://ncpuatnew.olamagri.com/
21:58:52.595 [main] INFO  Utillity.BrowserControl - edge Driver lanched
21:58:57.910 [main] INFO  Utillity.HelperFunction - Scenario called 
21:58:57.911 [main] INFO  Utillity.HelperFunction - ###############################################################
21:58:57.911 [main] INFO  Utillity.HelperFunction - Test case Name:Attempt to login with empty fields
21:58:57.911 [main] INFO  Utillity.HelperFunction - ###############################################################
21:58:57.911 [main] DEBUG Utillity.HelperFunction - Test case Tag:TC03
21:58:57.913 [main] DEBUG Utillity.BrowserControl - Driver initiated 
21:59:00.932 [main] DEBUG Utillity.BrowserControl - Edge Browser lanuched Successfully
21:59:00.964 [main] DEBUG Utillity.BrowserControl - URLhttps://ncpuatnew.olamagri.com/
21:59:15.790 [main] INFO  Utillity.BrowserControl - edge Driver lanched
21:59:21.059 [main] INFO  Utillity.HelperFunction - Scenario called 
21:59:21.059 [main] INFO  Utillity.HelperFunction - ###############################################################
21:59:21.059 [main] INFO  Utillity.HelperFunction - Test case Name:User successfully submits the form with valid inputs
21:59:21.059 [main] INFO  Utillity.HelperFunction - ###############################################################
21:59:21.059 [main] DEBUG Utillity.HelperFunction - Test case Tag:RFQ_TC01
21:59:21.066 [main] DEBUG Utillity.BrowserControl - Driver initiated 
21:59:23.960 [main] DEBUG Utillity.BrowserControl - Edge Browser lanuched Successfully
21:59:23.968 [main] DEBUG Utillity.BrowserControl - URLhttps://ncpuatnew.olamagri.com/
21:59:32.546 [main] INFO  Utillity.BrowserControl - edge Driver lanched
21:59:39.218 [main] INFO  BusinessLogic.Businessfunction - Hi Arjun Rathinasamy, Welcome into Procon LandingPage
22:00:17.395 [main] INFO  Utillity.ReportGen - ###############################################################
22:00:17.395 [main] DEBUG Utillity.ReportGen - Report Generation called
22:00:19.791 [main] DEBUG Utillity.ReportGen - Report Generated
22:00:19.791 [main] INFO  Utillity.ReportGen - ###############################################################
22:01:16.317 [main] INFO  Utillity.HelperFunction - Scenario called 
22:01:16.322 [main] INFO  Utillity.HelperFunction - ###############################################################
22:01:16.322 [main] INFO  Utillity.HelperFunction - Test case Name:User successfully submits the form with valid inputs
22:01:16.322 [main] INFO  Utillity.HelperFunction - ###############################################################
22:01:16.327 [main] DEBUG Utillity.HelperFunction - Test case Tag:RFQ_TC01
22:01:16.380 [main] DEBUG Utillity.BrowserControl - Driver initiated 
22:01:19.787 [main] DEBUG Utillity.BrowserControl - Edge Browser lanuched Successfully
22:01:19.814 [main] DEBUG Utillity.BrowserControl - URLhttps://ncpuatnew.olamagri.com/
22:01:27.289 [main] INFO  Utillity.BrowserControl - edge Driver lanched
22:01:35.380 [main] INFO  BusinessLogic.Businessfunction - Hi Arjun Rathinasamy, Welcome into Procon LandingPage
22:02:12.843 [main] INFO  Utillity.ReportGen - ###############################################################
22:02:12.843 [main] DEBUG Utillity.ReportGen - Report Generation called
22:02:14.669 [main] DEBUG Utillity.ReportGen - Report Generated
22:02:14.671 [main] INFO  Utillity.ReportGen - ###############################################################
22:02:34.375 [main] INFO  Utillity.HelperFunction - Scenario called 
22:02:34.380 [main] INFO  Utillity.HelperFunction - ###############################################################
22:02:34.386 [main] INFO  Utillity.HelperFunction - Test case Name:User successfully submits the form with valid inputs
22:02:34.386 [main] INFO  Utillity.HelperFunction - ###############################################################
22:02:34.386 [main] DEBUG Utillity.HelperFunction - Test case Tag:RFQ_TC01
22:02:34.465 [main] DEBUG Utillity.BrowserControl - Driver initiated 
22:02:37.845 [main] DEBUG Utillity.BrowserControl - Edge Browser lanuched Successfully
22:02:37.874 [main] DEBUG Utillity.BrowserControl - URLhttps://ncpuatnew.olamagri.com/
22:02:44.063 [main] INFO  Utillity.BrowserControl - edge Driver lanched
22:02:51.979 [main] INFO  BusinessLogic.Businessfunction - Hi Arjun Rathinasamy, Welcome into Procon LandingPage
22:04:00.377 [main] INFO  Utillity.ReportGen - ###############################################################
22:04:00.377 [main] DEBUG Utillity.ReportGen - Report Generation called
22:04:02.453 [main] DEBUG Utillity.ReportGen - Report Generated
22:04:02.459 [main] INFO  Utillity.ReportGen - ###############################################################
22:05:00.149 [main] INFO  Utillity.HelperFunction - Scenario called 
22:05:00.152 [main] INFO  Utillity.HelperFunction - ###############################################################
22:05:00.158 [main] INFO  Utillity.HelperFunction - Test case Name:User successfully submits the form with valid inputs
22:05:00.159 [main] INFO  Utillity.HelperFunction - ###############################################################
22:05:00.159 [main] DEBUG Utillity.HelperFunction - Test case Tag:RFQ_TC01
22:05:00.209 [main] DEBUG Utillity.BrowserControl - Driver initiated 
22:05:03.625 [main] DEBUG Utillity.BrowserControl - Edge Browser lanuched Successfully
22:05:03.645 [main] DEBUG Utillity.BrowserControl - URLhttps://ncpuatnew.olamagri.com/
22:05:15.018 [main] INFO  Utillity.BrowserControl - edge Driver lanched
22:05:20.428 [main] INFO  BusinessLogic.Businessfunction - Hi Arjun Rathinasamy, Welcome into Procon LandingPage
22:12:41.121 [main] INFO  Utillity.HelperFunction - Scenario called 
22:12:41.124 [main] INFO  Utillity.HelperFunction - ###############################################################
22:12:41.128 [main] INFO  Utillity.HelperFunction - Test case Name:User successfully submits the form with valid inputs
22:12:41.128 [main] INFO  Utillity.HelperFunction - ###############################################################
22:12:41.132 [main] DEBUG Utillity.HelperFunction - Test case Tag:RFQ_TC01
22:12:41.181 [main] DEBUG Utillity.BrowserControl - Driver initiated 
22:12:44.939 [main] DEBUG Utillity.BrowserControl - Edge Browser lanuched Successfully
22:12:44.972 [main] DEBUG Utillity.BrowserControl - URLhttps://ncpuatnew.olamagri.com/
22:12:52.910 [main] INFO  Utillity.BrowserControl - edge Driver lanched
22:12:59.414 [main] INFO  BusinessLogic.Businessfunction - Hi Arjun Rathinasamy, Welcome into Procon LandingPage
22:14:27.563 [main] INFO  Utillity.HelperFunction - Scenario called 
22:14:27.563 [main] INFO  Utillity.HelperFunction - ###############################################################
22:14:27.573 [main] INFO  Utillity.HelperFunction - Test case Name:User successfully submits the form with valid inputs
22:14:27.575 [main] INFO  Utillity.HelperFunction - ###############################################################
22:14:27.575 [main] DEBUG Utillity.HelperFunction - Test case Tag:RFQ_TC01
22:14:27.605 [main] DEBUG Utillity.BrowserControl - Driver initiated 
22:14:31.076 [main] DEBUG Utillity.BrowserControl - Edge Browser lanuched Successfully
22:14:31.105 [main] DEBUG Utillity.BrowserControl - URLhttps://ncpuatnew.olamagri.com/
22:14:37.044 [main] INFO  Utillity.BrowserControl - edge Driver lanched
22:14:42.851 [main] INFO  BusinessLogic.Businessfunction - Hi Arjun Rathinasamy, Welcome into Procon LandingPage
22:15:18.490 [main] INFO  Utillity.ReportGen - ###############################################################
22:15:18.490 [main] DEBUG Utillity.ReportGen - Report Generation called
22:15:20.496 [main] DEBUG Utillity.ReportGen - Report Generated
22:15:20.502 [main] INFO  Utillity.ReportGen - ###############################################################
22:15:55.793 [main] INFO  Utillity.HelperFunction - Scenario called 
22:15:55.798 [main] INFO  Utillity.HelperFunction - ###############################################################
22:15:55.801 [main] INFO  Utillity.HelperFunction - Test case Name:User successfully submits the form with valid inputs
22:15:55.801 [main] INFO  Utillity.HelperFunction - ###############################################################
22:15:55.803 [main] DEBUG Utillity.HelperFunction - Test case Tag:RFQ_TC01
22:15:55.878 [main] DEBUG Utillity.BrowserControl - Driver initiated 
22:15:59.372 [main] DEBUG Utillity.BrowserControl - Edge Browser lanuched Successfully
22:15:59.393 [main] DEBUG Utillity.BrowserControl - URLhttps://ncpuatnew.olamagri.com/
22:16:05.950 [main] INFO  Utillity.BrowserControl - edge Driver lanched
22:16:12.256 [main] INFO  BusinessLogic.Businessfunction - Hi Arjun Rathinasamy, Welcome into Procon LandingPage
22:17:02.120 [main] INFO  Utillity.ReportGen - ###############################################################
22:17:02.120 [main] DEBUG Utillity.ReportGen - Report Generation called
22:17:05.797 [main] DEBUG Utillity.ReportGen - Report Generated
22:17:05.803 [main] INFO  Utillity.ReportGen - ###############################################################
22:25:33.171 [main] INFO  Utillity.HelperFunction - Scenario called 
22:25:33.182 [main] INFO  Utillity.HelperFunction - ###############################################################
22:25:33.184 [main] INFO  Utillity.HelperFunction - Test case Name:User successfully submits the form with valid inputs
22:25:33.184 [main] INFO  Utillity.HelperFunction - ###############################################################
22:25:33.190 [main] DEBUG Utillity.HelperFunction - Test case Tag:RFQ_TC01
22:25:33.291 [main] DEBUG Utillity.BrowserControl - Driver initiated 
22:25:36.818 [main] DEBUG Utillity.BrowserControl - Edge Browser lanuched Successfully
22:25:36.847 [main] DEBUG Utillity.BrowserControl - URLhttps://ncpuatnew.olamagri.com/
22:25:43.970 [main] INFO  Utillity.BrowserControl - edge Driver lanched
22:25:49.002 [main] INFO  BusinessLogic.Businessfunction - Hi Arjun Rathinasamy, Welcome into Procon LandingPage
22:26:48.751 [main] INFO  Utillity.ReportGen - ###############################################################
22:26:48.751 [main] DEBUG Utillity.ReportGen - Report Generation called
22:26:50.794 [main] DEBUG Utillity.ReportGen - Report Generated
22:26:50.797 [main] INFO  Utillity.ReportGen - ###############################################################
22:35:46.824 [main] INFO  Utillity.HelperFunction - Scenario called 
22:35:46.829 [main] INFO  Utillity.HelperFunction - ###############################################################
22:35:46.833 [main] INFO  Utillity.HelperFunction - Test case Name:User successfully submits the form with valid inputs
22:35:46.833 [main] INFO  Utillity.HelperFunction - ###############################################################
22:35:46.835 [main] DEBUG Utillity.HelperFunction - Test case Tag:RFQ_TC01
22:35:46.887 [main] DEBUG Utillity.BrowserControl - Driver initiated 
22:35:50.377 [main] DEBUG Utillity.BrowserControl - Edge Browser lanuched Successfully
22:35:50.405 [main] DEBUG Utillity.BrowserControl - URLhttps://ncpuatnew.olamagri.com/
22:35:56.722 [main] INFO  Utillity.BrowserControl - edge Driver lanched
22:36:02.781 [main] INFO  BusinessLogic.Businessfunction - Hi Arjun Rathinasamy, Welcome into Procon LandingPage
22:36:54.143 [main] INFO  Utillity.ReportGen - ###############################################################
22:36:54.143 [main] DEBUG Utillity.ReportGen - Report Generation called
22:36:55.808 [main] DEBUG Utillity.ReportGen - Report Generated
22:36:55.808 [main] INFO  Utillity.ReportGen - ###############################################################
22:38:48.450 [main] INFO  Utillity.HelperFunction - Scenario called 
22:38:48.455 [main] INFO  Utillity.HelperFunction - ###############################################################
22:38:48.461 [main] INFO  Utillity.HelperFunction - Test case Name:User successfully submits the form with valid inputs
22:38:48.461 [main] INFO  Utillity.HelperFunction - ###############################################################
22:38:48.464 [main] DEBUG Utillity.HelperFunction - Test case Tag:RFQ_TC01
22:38:48.542 [main] DEBUG Utillity.BrowserControl - Driver initiated 
22:38:52.349 [main] DEBUG Utillity.BrowserControl - Edge Browser lanuched Successfully
22:38:52.378 [main] DEBUG Utillity.BrowserControl - URLhttps://ncpuatnew.olamagri.com/
22:38:57.733 [main] INFO  Utillity.BrowserControl - edge Driver lanched
22:39:03.623 [main] INFO  BusinessLogic.Businessfunction - Hi Arjun Rathinasamy, Welcome into Procon LandingPage
22:40:19.761 [main] INFO  Utillity.ReportGen - ###############################################################
22:40:19.761 [main] DEBUG Utillity.ReportGen - Report Generation called
22:40:21.648 [main] DEBUG Utillity.ReportGen - Report Generated
22:40:21.648 [main] INFO  Utillity.ReportGen - ###############################################################
22:41:46.057 [main] INFO  Utillity.HelperFunction - Scenario called 
22:41:46.070 [main] INFO  Utillity.HelperFunction - ###############################################################
22:41:46.070 [main] INFO  Utillity.HelperFunction - Test case Name:User successfully submits the form with valid inputs
22:41:46.070 [main] INFO  Utillity.HelperFunction - ###############################################################
22:41:46.070 [main] DEBUG Utillity.HelperFunction - Test case Tag:RFQ_TC01
22:41:46.130 [main] DEBUG Utillity.BrowserControl - Driver initiated 
22:41:49.630 [main] DEBUG Utillity.BrowserControl - Edge Browser lanuched Successfully
22:41:49.651 [main] DEBUG Utillity.BrowserControl - URLhttps://ncpuatnew.olamagri.com/
22:41:57.055 [main] INFO  Utillity.BrowserControl - edge Driver lanched
22:42:02.941 [main] INFO  BusinessLogic.Businessfunction - Hi Arjun Rathinasamy, Welcome into Procon LandingPage
22:43:20.984 [main] INFO  Utillity.ReportGen - ###############################################################
22:43:20.984 [main] DEBUG Utillity.ReportGen - Report Generation called
22:43:23.011 [main] DEBUG Utillity.ReportGen - Report Generated
22:43:23.013 [main] INFO  Utillity.ReportGen - ###############################################################
22:48:07.812 [main] INFO  Utillity.HelperFunction - Scenario called 
22:48:07.816 [main] INFO  Utillity.HelperFunction - ###############################################################
22:48:07.820 [main] INFO  Utillity.HelperFunction - Test case Name:User successfully submits the form with valid inputs
22:48:07.820 [main] INFO  Utillity.HelperFunction - ###############################################################
22:48:07.822 [main] DEBUG Utillity.HelperFunction - Test case Tag:RFQ_TC01
22:48:07.875 [main] DEBUG Utillity.BrowserControl - Driver initiated 
22:48:11.354 [main] DEBUG Utillity.BrowserControl - Edge Browser lanuched Successfully
22:48:11.377 [main] DEBUG Utillity.BrowserControl - URLhttps://ncpuatnew.olamagri.com/
22:48:38.719 [main] INFO  Utillity.BrowserControl - edge Driver lanched
22:48:44.060 [main] INFO  BusinessLogic.Businessfunction - Hi Arjun Rathinasamy, Welcome into Procon LandingPage
22:50:02.518 [main] INFO  Utillity.ReportGen - ###############################################################
22:50:02.518 [main] DEBUG Utillity.ReportGen - Report Generation called
22:50:04.655 [main] DEBUG Utillity.ReportGen - Report Generated
22:50:04.655 [main] INFO  Utillity.ReportGen - ###############################################################
22:53:39.091 [main] INFO  Utillity.HelperFunction - Scenario called 
22:53:39.100 [main] INFO  Utillity.HelperFunction - ###############################################################
22:53:39.106 [main] INFO  Utillity.HelperFunction - Test case Name:User successfully submits the form with valid inputs
22:53:39.106 [main] INFO  Utillity.HelperFunction - ###############################################################
22:53:39.106 [main] DEBUG Utillity.HelperFunction - Test case Tag:RFQ_TC01
22:53:39.163 [main] DEBUG Utillity.BrowserControl - Driver initiated 
22:53:42.674 [main] DEBUG Utillity.BrowserControl - Edge Browser lanuched Successfully
22:53:42.703 [main] DEBUG Utillity.BrowserControl - URLhttps://ncpuatnew.olamagri.com/
22:53:51.831 [main] INFO  Utillity.BrowserControl - edge Driver lanched
22:53:58.017 [main] INFO  BusinessLogic.Businessfunction - Hi Arjun Rathinasamy, Welcome into Procon LandingPage
22:54:12.520 [main] INFO  Utillity.ReportGen - ###############################################################
22:54:12.520 [main] DEBUG Utillity.ReportGen - Report Generation called
22:54:14.534 [main] DEBUG Utillity.ReportGen - Report Generated
22:54:14.543 [main] INFO  Utillity.ReportGen - ###############################################################
22:57:53.958 [main] INFO  Utillity.HelperFunction - Scenario called 
22:57:53.958 [main] INFO  Utillity.HelperFunction - ###############################################################
22:57:53.958 [main] INFO  Utillity.HelperFunction - Test case Name:User successfully submits the form with valid inputs
22:57:53.958 [main] INFO  Utillity.HelperFunction - ###############################################################
22:57:53.958 [main] DEBUG Utillity.HelperFunction - Test case Tag:RFQ_TC01
22:57:54.024 [main] DEBUG Utillity.BrowserControl - Driver initiated 
22:57:57.549 [main] DEBUG Utillity.BrowserControl - Edge Browser lanuched Successfully
22:57:57.571 [main] DEBUG Utillity.BrowserControl - URLhttps://ncpuatnew.olamagri.com/
22:58:43.402 [main] INFO  Utillity.HelperFunction - Scenario called 
22:58:43.411 [main] INFO  Utillity.HelperFunction - ###############################################################
22:58:43.415 [main] INFO  Utillity.HelperFunction - Test case Name:User successfully submits the form with valid inputs
22:58:43.417 [main] INFO  Utillity.HelperFunction - ###############################################################
22:58:43.418 [main] DEBUG Utillity.HelperFunction - Test case Tag:RFQ_TC01
22:58:43.464 [main] DEBUG Utillity.BrowserControl - Driver initiated 
22:58:46.805 [main] DEBUG Utillity.BrowserControl - Edge Browser lanuched Successfully
22:58:46.830 [main] DEBUG Utillity.BrowserControl - URLhttps://ncpuatnew.olamagri.com/
22:58:55.169 [main] INFO  Utillity.BrowserControl - edge Driver lanched
22:59:00.528 [main] INFO  BusinessLogic.Businessfunction - Hi Arjun Rathinasamy, Welcome into Procon LandingPage
22:59:15.001 [main] INFO  Utillity.ReportGen - ###############################################################
22:59:15.001 [main] DEBUG Utillity.ReportGen - Report Generation called
22:59:18.415 [main] DEBUG Utillity.ReportGen - Report Generated
22:59:18.417 [main] INFO  Utillity.ReportGen - ###############################################################
23:00:46.719 [main] INFO  Utillity.HelperFunction - Scenario called 
23:00:46.722 [main] INFO  Utillity.HelperFunction - ###############################################################
23:00:46.726 [main] INFO  Utillity.HelperFunction - Test case Name:User successfully submits the form with valid inputs
23:00:46.726 [main] INFO  Utillity.HelperFunction - ###############################################################
23:00:46.728 [main] DEBUG Utillity.HelperFunction - Test case Tag:RFQ_TC01
23:00:46.803 [main] DEBUG Utillity.BrowserControl - Driver initiated 
23:00:50.244 [main] DEBUG Utillity.BrowserControl - Edge Browser lanuched Successfully
23:00:50.273 [main] DEBUG Utillity.BrowserControl - URLhttps://ncpuatnew.olamagri.com/
23:00:56.580 [main] INFO  Utillity.BrowserControl - edge Driver lanched
23:01:02.595 [main] INFO  BusinessLogic.Businessfunction - Hi Arjun Rathinasamy, Welcome into Procon LandingPage
23:04:51.677 [main] INFO  Utillity.HelperFunction - Scenario called 
23:04:51.682 [main] INFO  Utillity.HelperFunction - ###############################################################
23:04:51.685 [main] INFO  Utillity.HelperFunction - Test case Name:User successfully submits the form with valid inputs
23:04:51.685 [main] INFO  Utillity.HelperFunction - ###############################################################
23:04:51.688 [main] DEBUG Utillity.HelperFunction - Test case Tag:RFQ_TC01
23:04:51.721 [main] DEBUG Utillity.BrowserControl - Driver initiated 
23:04:55.149 [main] DEBUG Utillity.BrowserControl - Edge Browser lanuched Successfully
23:04:55.179 [main] DEBUG Utillity.BrowserControl - URLhttps://ncpuatnew.olamagri.com/
23:05:01.282 [main] INFO  Utillity.BrowserControl - edge Driver lanched
23:05:07.589 [main] INFO  BusinessLogic.Businessfunction - Hi Arjun Rathinasamy, Welcome into Procon LandingPage
23:05:21.624 [main] INFO  Utillity.ReportGen - ###############################################################
23:05:21.624 [main] DEBUG Utillity.ReportGen - Report Generation called
23:05:24.813 [main] DEBUG Utillity.ReportGen - Report Generated
23:05:24.825 [main] INFO  Utillity.ReportGen - ###############################################################
